<?xml version="1.0" encoding="UTF-8"?>
<!-- Generated by org.testng.reporters.JUnitReportReporter -->
<testsuite hostname="deepak-pc" failures="0" tests="6" name="tests.PurchaseWorkflowForNaturalStoneTest" time="647.722" errors="0" timestamp="10 Sep 2025 05:50:21 GMT" skipped="0">
  <testcase classname="tests.PurchaseWorkflowForNaturalStoneTest" name="verifyUserCanPlaceOrderUsingBuyForNaturalStone" time="159.511"/>
  <testcase classname="tests.PurchaseWorkflowForNaturalStoneTest" name="verifyUserCanPlaceOfferUsingMemoForNaturalStone" time="102.957"/>
  <testcase classname="tests.PurchaseWorkflowForNaturalStoneTest" name="verifyUserCanPlaceOfferUsingBidForNaturalStone" time="90.101"/>
  <testcase classname="tests.PurchaseWorkflowForNaturalStoneTest" name="verifyUserCanPlaceOrderUsingBuyWithMultipleNaturalStones" time="97.224"/>
  <testcase classname="tests.PurchaseWorkflowForNaturalStoneTest" name="verifyUserCanPlaceOfferUsingMemoWithMultipleNaturalStones" time="101.087"/>
  <testcase classname="tests.PurchaseWorkflowForNaturalStoneTest" name="verifyUserCanPlaceOfferUsingBidWithMultipleNaturalStones" time="96.842"/>
</testsuite> <!-- tests.PurchaseWorkflowForNaturalStoneTest -->
