<?xml version="1.0" encoding="UTF-8"?>
<!-- Generated by org.testng.reporters.JUnitReportReporter -->
<testsuite hostname="deepak-pc" failures="0" tests="2" name="tests.MemoStoneReturnAndBuyTest" time="64.915" errors="0" timestamp="10 Sep 2025 05:38:47 GMT" skipped="1">
  <testcase classname="tests.MemoStoneReturnAndBuyTest" name="verifyBuyTheMemoStone" time="64.915"/>
  <testcase classname="tests.MemoStoneReturnAndBuyTest" name="verifyReturnTheMemoStone">
    <skipped/>
  </testcase> <!-- verifyReturnTheMemoStone -->
</testsuite> <!-- tests.MemoStoneReturnAndBuyTest -->
