<?xml version="1.0" encoding="UTF-8"?>
<!-- Generated by org.testng.reporters.JUnitReportReporter -->
<testsuite hostname="deepak-pc" failures="0" tests="1" name="tests.RetailerPricesTest" time="65.778" errors="0" timestamp="06 Aug 2025 03:53:15 GMT" skipped="0">
  <testcase classname="tests.RetailerPricesTest" name="verifyThePricesWithMarkupForRetailerUser" time="65.778"/>
</testsuite> <!-- tests.RetailerPricesTest -->
