<?xml version="1.0" encoding="UTF-8"?>
<!-- Generated by org.testng.reporters.JUnitReportReporter -->
<testsuite hostname="deepak-pc" failures="0" tests="11" name="tests.WednesdaySheetWorkflowTest" time="86.583" errors="0" timestamp="06 Aug 2025 04:17:23 GMT" skipped="10">
  <testcase classname="tests.WednesdaySheetWorkflowTest" name="VerifyAddQcAndCreateOrderWithQCAndNonQCStone" time="86.583"/>
  <testcase classname="tests.WednesdaySheetWorkflowTest" name="verifyCreateMemoOfferWithMultipleStoneAndRejectFromSeller">
    <skipped/>
  </testcase> <!-- verifyCreateMemoOfferWithMultipleStoneAndRejectFromSeller -->
  <testcase classname="tests.WednesdaySheetWorkflowTest" name="verifyCreateBidOfferWithSingleStoneAndAcceptFromSeller">
    <skipped/>
  </testcase> <!-- verifyCreateBidOfferWithSingleStoneAndAcceptFromSeller -->
  <testcase classname="tests.WednesdaySheetWorkflowTest" name="verifyCreateBidOfferWithMultipleStoneAndRejectFromSeller">
    <skipped/>
  </testcase> <!-- verifyCreateBidOfferWithMultipleStoneAndRejectFromSeller -->
  <testcase classname="tests.WednesdaySheetWorkflowTest" name="VerifyPriceOnAllMediaIconsForEveryPage">
    <skipped/>
  </testcase> <!-- VerifyPriceOnAllMediaIconsForEveryPage -->
  <testcase classname="tests.WednesdaySheetWorkflowTest" name="verifyCreateMemoOfferWithSingleStoneAndRejectFromSeller">
    <skipped/>
  </testcase> <!-- verifyCreateMemoOfferWithSingleStoneAndRejectFromSeller -->
  <testcase classname="tests.WednesdaySheetWorkflowTest" name="verifyUniDiscountShouldNotShowAfterAddTheQC">
    <skipped/>
  </testcase> <!-- verifyUniDiscountShouldNotShowAfterAddTheQC -->
  <testcase classname="tests.WednesdaySheetWorkflowTest" name="verifyCreateMemoOfferWithMultipleStoneAndAcceptFromSeller">
    <skipped/>
  </testcase> <!-- verifyCreateMemoOfferWithMultipleStoneAndAcceptFromSeller -->
  <testcase classname="tests.WednesdaySheetWorkflowTest" name="verifyCreateMemoOfferWithSingleStoneAndAcceptFromSeller">
    <skipped/>
  </testcase> <!-- verifyCreateMemoOfferWithSingleStoneAndAcceptFromSeller -->
  <testcase classname="tests.WednesdaySheetWorkflowTest" name="verifyCreateBidOfferWithSingleStoneAndRejectFromSeller">
    <skipped/>
  </testcase> <!-- verifyCreateBidOfferWithSingleStoneAndRejectFromSeller -->
  <testcase classname="tests.WednesdaySheetWorkflowTest" name="verifyCreateBidOfferWithMultipleStoneAndAcceptFromSeller">
    <skipped/>
  </testcase> <!-- verifyCreateBidOfferWithMultipleStoneAndAcceptFromSeller -->
</testsuite> <!-- tests.WednesdaySheetWorkflowTest -->
