<?xml version="1.0" encoding="UTF-8"?>
<!-- Generated by org.testng.reporters.JUnitReportReporter -->
<testsuite hostname="deepak-pc" failures="0" tests="4" name="tests.AcceptAndRejectFromSellerTest" time="257.277" errors="0" timestamp="16 Jul 2025 10:52:44 GMT" skipped="0">
  <testcase classname="tests.AcceptAndRejectFromSellerTest" name="verifyAcceptTheMemoForSingleStoneFromSeller" time="35.494"/>
  <testcase classname="tests.AcceptAndRejectFromSellerTest" name="verifyRejectTheMemoForSingleStoneFromSeller" time="78.675"/>
  <testcase classname="tests.AcceptAndRejectFromSellerTest" name="verifyAcceptTheBidForSingleStoneFromSeller" time="73.139"/>
  <testcase classname="tests.AcceptAndRejectFromSellerTest" name="verifyRejectTheBidForSingleStoneFromSeller" time="69.969"/>
</testsuite> <!-- tests.AcceptAndRejectFromSellerTest -->
