<?xml version="1.0" encoding="UTF-8"?>
<!-- Generated by org.testng.reporters.JUnitReportReporter -->
<testsuite hostname="deepak-pc" failures="0" tests="1" name="tests.SearchDiamondTest" time="23.103" errors="0" timestamp="10 Jun 2025 12:22:31 GMT" skipped="0">
  <testcase classname="tests.SearchDiamondTest" name="verifyUserCanBuyTheStoneTest" time="23.103"/>
</testsuite> <!-- tests.SearchDiamondTest -->
