<?xml version="1.0" encoding="UTF-8"?>
<!-- Generated by org.testng.reporters.JUnitReportReporter -->
<testsuite hostname="deepak-pc" failures="0" tests="2" name="tests.MemoStoneReturnAndBuyTest" time="56.404" errors="0" timestamp="16 Sep 2025 12:18:41 GMT" skipped="1">
  <testcase classname="tests.MemoStoneReturnAndBuyTest" name="verifyBuyTheMemoStone" time="56.404"/>
  <testcase classname="tests.MemoStoneReturnAndBuyTest" name="verifyReturnTheMemoStone">
    <skipped/>
  </testcase> <!-- verifyReturnTheMemoStone -->
</testsuite> <!-- tests.MemoStoneReturnAndBuyTest -->
