<?xml version="1.0" encoding="UTF-8"?>
<!-- Generated by org.testng.reporters.JUnitReportReporter -->
<testsuite hostname="deepak-pc" failures="0" tests="5" name="tests.WednesdaySheetTest" time="393.565" errors="0" timestamp="07 Oct 2025 07:19:45 GMT" skipped="0">
  <testcase classname="tests.WednesdaySheetTest" name="verifyCreateMemoOfferWithSingleStoneAndAcceptFromSeller" time="91.992"/>
  <testcase classname="tests.WednesdaySheetTest" name="verifyCreateMemoOfferWithSingleStoneAndRejectFromSeller" time="85.867"/>
  <testcase classname="tests.WednesdaySheetTest" name="verifyCreateBidOfferWithSingleStoneAndAcceptFromSeller" time="69.080"/>
  <testcase classname="tests.WednesdaySheetTest" name="verifyCreateBidOfferWithSingleStoneAndRejectFromSeller" time="64.723"/>
  <testcase classname="tests.WednesdaySheetTest" name="VerifyAddQcAndCreateOrderWithQCAndNonQCStone" time="81.903"/>
</testsuite> <!-- tests.WednesdaySheetTest -->
