<?xml version="1.0" encoding="UTF-8"?>
<!-- Generated by org.testng.reporters.JUnitReportReporter -->
<testsuite hostname="deepak-pc" failures="0" tests="3" name="tests.StonePurchaseTest" time="149.756" errors="0" timestamp="08 Jul 2025 12:29:17 GMT" skipped="0">
  <testcase classname="tests.StonePurchaseTest" name="verifyUserCanPlaceOrderUsingBuy" time="51.853"/>
  <testcase classname="tests.StonePurchaseTest" name="verifyUserCanPlaceOfferUsingMemo" time="54.224"/>
  <testcase classname="tests.StonePurchaseTest" name="verifyUserCanPlaceOfferUsingBid" time="43.679"/>
</testsuite> <!-- tests.StonePurchaseTest -->
