<?xml version="1.0" encoding="UTF-8"?>
<!-- Generated by org.testng.reporters.JUnitReportReporter -->
<testsuite hostname="deepak-pc" failures="0" tests="1" name="tests.MemoStoneReturnTest" time="20.069" errors="0" timestamp="30 Jun 2025 09:49:04 GMT" skipped="0">
  <testcase classname="tests.MemoStoneReturnTest" name="verifyTheMemoStoneReturn" time="20.069"/>
</testsuite> <!-- tests.MemoStoneReturnTest -->
